0:100  0:100  MemLog inited, TSC freq: 1190574300
0:100  0:000  CPU was calibrated with RTC
0:100  0:000  
0:100  0:000  Now is 27.08.2020,  20:04:19 (GMT)
0:100  0:000  Starting Clover revision: 5120 (master, commit f7c13f0b8) on American Megatrends EFI
0:100  0:000  Build with: [Args: -D NO_GRUB_DRIVERS_EMBEDDED -t GCC53 | -D NO_GRUB_DRIVERS_EMBEDDED --conf=/Users/sky/git/CloverBootloader/Conf -D USE_LOW_EBDA -a X64 -b RELEASE -t GCC53 -n 13 | OS: 10.15.6]
0:100  0:000  SelfDevicePath=PciRoot(0x0)\Pci(0x1D,0x0)\Pci(0x0,0x0)\NVMe(0x1,00-00-00-00-00-00-00-00)\HD(1,GPT,D81A7666-ED1C-4436-8F49-FD82AB9E5224,0x800,0x82000) @6B2B9418
0:100  0:000  SelfDirPath = \EFI\CLOVER
0:100  0:000  Clover : Image base = 0x6AA4E000
0:100  0:000  SimpleTextEx Status=Success
0:100  0:000  === [ Get Smbios ] ==============================
0:105  0:005  Type 16 Index = 0
0:105  0:000  Total Memory Slots Count = 2
0:105  0:000  Type 17 Index = 0
0:105  0:000  SmbiosTable.Type17->Speed = 2667MHz
0:105  0:000  SmbiosTable.Type17->Size = 4096MB
0:105  0:000  SmbiosTable.Type17->Bank/Device = BANK 0 ChannelA-DIMM0
0:105  0:000  SmbiosTable.Type17->Vendor = Micron
0:105  0:000  SmbiosTable.Type17->SerialNumber = 00000000
0:105  0:000  SmbiosTable.Type17->PartNumber = 4ATF51264HZ-2G6E1   
0:105  0:000  Type 17 Index = 1
0:105  0:000  SmbiosTable.Type17->Speed = 3200MHz
0:105  0:000  SmbiosTable.Type17->Size = 4096MB
0:105  0:000  SmbiosTable.Type17->Bank/Device = BANK 2 ChannelB-DIMM0
0:105  0:000  SmbiosTable.Type17->Vendor = SK Hynix
0:105  0:000  SmbiosTable.Type17->SerialNumber = 20F09489
0:105  0:000  SmbiosTable.Type17->PartNumber = HMA851S6DJR6N-XN    
0:105  0:000  Boot status=0
0:105  0:000  Running on: 'VivoBook_ASUSLaptop X512JP_V5000JP' with board 'X512JP'
0:105  0:000  === [ GetCPUProperties ] ========================
0:105  0:000  CPU Vendor = 756E6547 Model=706E5
0:105  0:000   The CPU supported SSE4.1
0:105  0:000  BrandString = Intel(R) Core(TM) i5-1035G1 CPU @ 1.00GHz
0:105  0:000   The CPU supported turbo
0:105  0:000  MSR 0x35               40008
0:105  0:000   TSC/CCC Information Leaf:
0:105  0:000    numerator     : 62
0:105  0:000    denominator   : 2
0:105  0:000   Calibrated ARTFrequency: 38405622
0:105  0:000   Rounded ARTFrequency: 38400000
0:105  0:000  MSR 0xE2 before patch 74008008
0:105  0:000  MSR 0xE2 is locked, PM patches will be turned on
0:105  0:000  MSR 0xCE              0004043C_F1810C00
0:105  0:000  corrected FLEX_RATIO = 0
0:105  0:000  MSR 0x1B0             00000000
0:105  0:000  FSBFrequency = 84 MHz, DMI FSBFrequency = 100 MHz, Corrected FSBFrequency = 100 MHz
0:105  0:000  MaxDiv/MinDiv: 12.0/4
0:105  0:000  Turbo: 33/33/36/36
0:105  0:000  Features: 0x77FAFBBFBFEBFBFF
0:105  0:000  Threads: 8
0:105  0:000  Cores: 4
0:105  0:000  FSB: 100 MHz
0:105  0:000  CPU: 1000 MHz
0:105  0:000  TSC: 1000 MHz
0:105  0:000  PIS: 100 MHz
0:105  0:000  ExternalClock: 25 MHz
0:105  0:000  === [ GetDevices ] ==============================
0:105  0:000  GOP found at: PciRoot(0x0)/Pci(0x2,0x0)/AcpiAdr(0x80011400)
0:105  0:000  PCI (00|00:00.00) : 8086 8A12 class=060000
0:105  0:000  PCI (00|00:02.00) : 8086 8A56 class=030000
0:105  0:000   - GOP: Provided by device
0:105  0:000   - GFX: Model=Intel Unsupported (Intel)
0:105  0:000  PCI (00|00:04.00) : 8086 8A03 class=118000
0:105  0:000  PCI (00|00:14.00) : 8086 34ED class=0C0330
0:105  0:000  PCI (00|00:14.02) : 8086 34EF class=050000
0:105  0:000  PCI (00|00:14.03) : 8086 34F0 class=028000
0:105  0:000   - WIFI: Vendor= Intel
0:105  0:000  PCI (00|00:14.05) : 8086 34F8 class=080501
0:105  0:000  PCI (00|00:15.00) : 8086 34E8 class=0C8000
0:105  0:000  PCI (00|00:15.01) : 8086 34E9 class=0C8000
0:105  0:000  PCI (00|00:16.00) : 8086 34E0 class=078000
0:105  0:000  PCI (00|00:17.00) : 8086 34D3 class=010601
0:105  0:000  PCI (00|00:1C.00) : 8086 34B8 class=060400
0:105  0:000  PCI (00|00:1C.04) : 8086 34BC class=060400
0:105  0:000  PCI (00|02:00.00) : 10DE 1D16 class=030200
0:105  0:000  PCI (00|00:1D.00) : 8086 34B4 class=060400
0:105  0:000  PCI (00|03:00.00) : 8086 F1A8 class=010802
0:105  0:000  PCI (00|00:1E.00) : 8086 34A8 class=078000
0:105  0:000  PCI (00|00:1E.02) : 8086 34AA class=0C8000
0:105  0:000  PCI (00|00:1F.00) : 8086 3482 class=060100
0:105  0:000  PCI (00|00:1F.03) : 8086 34C8 class=040380
0:105  0:000  PCI (00|00:1F.04) : 8086 34A3 class=0C0500
0:105  0:000  PCI (00|00:1F.05) : 8086 34A4 class=0C8000
0:106  0:000  === [ GetDefaultSettings ] ======================
0:106  0:000  Clover load options size = 0 bytes
0:106  0:000  CheckOEMPathExists tried EFI\CLOVER\OEM\X512JP\UEFI. Dir not exists
0:106  0:000  CheckOEMPathExists tried EFI\CLOVER\OEM\VivoBook_ASUSLaptop X512JP_V5000JP. Dir not exists
0:106  0:000  CheckOEMPathExists tried EFI\CLOVER\OEM\VivoBook_ASUSLaptop X512JP_V5000JP-1000. Dir not exists
0:106  0:000  CheckOEMPathExists tried EFI\CLOVER\OEM\X512JP. Dir not exists
0:106  0:000  CheckOEMPathExists tried EFI\CLOVER\OEM\X512JP-1000. Dir not exists
0:106  0:000  set OEMPath by default: EFI\CLOVER
0:107  0:001  EFI\CLOVER\config.plist loaded: Success
0:113  0:005  === [ GetListOfThemes ] =========================
0:113  0:000  - [00]: Catalina
0:114  0:000  - [01]: CrispyOSX
0:114  0:000  - [02]: Hackintosh_ID
0:115  0:000  - [03]: mac
0:118  0:002  - [04]: SimpleThemeDark
0:118  0:000  === [ Found config plists ] =====================
0:118  0:000  - config.plist
0:118  0:000  - config_AMD_RYZEN.plist
0:119  0:000  - config_BigSur.plist
0:119  0:000  - config_noegpu.plist
0:119  0:000  - config-backup.plist
0:119  0:000  === [ GetEarlyUserSettings ] ====================
0:119  0:000  timeout set to 5
0:119  0:000  Custom boot CUSTOM_BOOT_USER_DISABLED (0x0)
0:119  0:000   get BlueValue=1.200000
0:119  0:000  KextsToPatch: 8 requested
0:119  0:000   - [00]: com.apple.driver.usb.AppleUSBXHCIPCI (USB port limit patch) :: MatchOS: 10.11.x :: BinPatch :: data len: 7
0:119  0:000   - [01]: com.apple.driver.usb.AppleUSBXHCIPCI (USB port limit patch) :: MatchOS: 10.12.x :: BinPatch :: data len: 7
0:119  0:000   - [02]: com.apple.driver.usb.AppleUSBXHCI (USB port limit patch by PMHeart) :: MatchOS: 10.13.x :: BinPatch :: data len: 10
0:119  0:000   - [03]: com.apple.iokit.IOUSBHostFamily (USB Port limit patch 10.14.x 10.15.x #1 modify by DalianSky(credits PMheart)) :: BinPatch :: data len: 4
0:119  0:000   - [04]: com.apple.iokit.IOUSBHostFamily (USB port limit patch 10.14.x modify by DalianSky(credit PMHeart)) :: BinPatch :: data len: 4
0:119  0:000   - [05]: com.apple.driver.usb.AppleUSBXHCI (USB Port limit patch 10.15.x #1 modify by DalianSky) :: BinPatch :: data len: 4
0:119  0:000   - [06]: com.apple.driver.usb.AppleUSBXHCI (USB Port limit patch 10.14.x modify by DalianSky(credits PMheart)) :: BinPatch :: data len: 4
0:119  0:000   - [07]: com.apple.driver.usb.AppleUSBXHCI (USB Port limit patch 10.14.x modify by DalianSky(credits PMheart)) :: BinPatch :: data len: 4
0:119  0:000  Default theme: CrispyOSX
0:119  0:000  Hiding entries with string Preboot
0:119  0:000  === [ LoadDrivers ] =============================
0:121  0:001  Loading apfs.efi  status=Success
0:130  0:008   - driver needs connecting
0:130  0:000  Loading ApfsDriverLoader.efi  status=Success
0:132  0:002   - driver needs connecting
0:132  0:000  Loading FSInject.efi  status=Success
0:134  0:002  Loading HFSPlus.efi  status=Success
0:137  0:002   - driver needs connecting
0:137  0:000  Loading OcQuirks.efi  status=Success
0:139  0:002  Loading OpenRuntime.efi  status=Success
0:142  0:002  3 drivers needs connecting ...
0:142  0:000  PlatformDriverOverrideProtocol not found. Installing ... Success
0:142  0:000  HFS+ driver loaded
0:142  0:000  APFS driver loaded
0:142  0:000  Searching for invalid DiskIo BY_DRIVER connects: not found, all ok
0:285  0:142  === [ InitScreen ] ==============================
0:285  0:000  Console modes reported: 4, available modes:
0:285  0:000   - [01]: 80x25 (current mode)
0:285  0:000   - [02]: 80x50
0:285  0:000   - [03]: 100x31
0:285  0:000   - [04]: 240x56
0:285  0:000  SetMaxResolution: found best mode 0: 1920x1080
0:285  0:000   - already set
0:285  0:000  reinit: self device path=PciRoot(0x0)\Pci(0x1D,0x0)\Pci(0x0,0x0)\NVMe(0x1,00-00-00-00-00-00-00-00)\HD(1,GPT,D81A7666-ED1C-4436-8F49-FD82AB9E5224,0x800,0x82000)
0:285  0:000  new SelfHandle=6B2B9418
0:287  0:002  Using embedded font
0:290  0:002  === [ GetMacAddress ] ===========================
0:290  0:000   get legacy LAN MAC, 0 card found
0:290  0:000  === [ ScanSPD ] =================================
0:290  0:000  Scanning SMBus [8086:34A3], mmio: 0x1312A004, ioport: 0xEFA0, hostc: 0x11
0:309  0:018  Slot: 2 Type 26 4096MB 3200MHz Vendor=SK Hynix PartNo=HMA851S6DJR6N-XN SerialNo=20F09489
0:310  0:000  === [ GetAcpiTablesList ] =======================
0:314  0:003  Get Acpi Tables List from RSDT:
0:314  0:000   - [00]: FACP  Notebook len=276
0:314  0:000   - [01]: MCFG  Notebook len=60
0:314  0:000   - [02]: SSDT  DptfTabl len=22106
0:314  0:000   - [03]: SSDT  CpuSsdt len=7009
0:314  0:000   - [04]: FPDT  Notebook len=68
0:314  0:000   - [05]: FIDT  Notebook len=156
0:314  0:000   - [06]: ECDT  Notebook len=193
0:314  0:000   - [07]: MSDM  Notebook len=85
0:314  0:000   - [08]: SSDT  SaSsdt  len=13283
0:314  0:000   - [09]: SSDT  TcssSsdt len=45690
0:314  0:000   - [10]: HPET  Notebook len=56
0:314  0:000   - [11]: NHLT  Notebook len=45
0:314  0:000   - [12]: LPIT  Notebook len=148
0:314  0:000   - [13]: SSDT  TbtTypeC len=4027
0:314  0:000   - [14]: DBGP  Notebook len=52
0:314  0:000   - [15]: DBG2  Notebook len=84
0:314  0:000   - [16]: DMAR  EDK2     len=168
0:314  0:000   - [17]: SSDT  HgRpSsdt len=1236
0:314  0:000   - [18]: SSDT  ADebTabl len=324
0:314  0:000   - [19]: BGRT  Notebook len=56
0:314  0:000   - [20]: TPM2  Notebook len=76
0:314  0:000   - [21]: SSDT  OptTabl len=8988
0:314  0:000   - [22]: WSMT  Notebook len=40
0:314  0:000   - [23]: APIC  Notebook len=188
0:314  0:000  Calibrated TSC Frequency = 1190574300 = 1190MHz
0:316  0:002  === [ GetUserSettings ] =========================
0:316  0:000  Add 2 devices (kTagTypeDict):
0:316  0:000  USB FixOwnership: yes
0:316  0:000   - final DSDT Fix mask=10060054
0:316  0:000  PatchesDSDT: 13 requested
0:316  0:000   - [00]: (EHC1 to EH01) lenToFind: 4, lenToReplace: 4, Target Bridge: 
0:316  0:000   - [01]: (EHC2 to EH02) lenToFind: 4, lenToReplace: 4, Target Bridge: 
0:316  0:000   - [02]: (EUSB to EH01) lenToFind: 4, lenToReplace: 4, Target Bridge: 
0:316  0:000   - [03]: (USBE to EH02) lenToFind: 4, lenToReplace: 4, Target Bridge: 
0:316  0:000   - [04]: (RTC fix) lenToFind: 8, lenToReplace: 8, Target Bridge: 
0:316  0:000   - [05]: (CUU0) lenToFind: 14, lenToReplace: 14, Target Bridge: 
0:316  0:000   - [06]: (CUU1) lenToFind: 14, lenToReplace: 14, Target Bridge: 
0:316  0:000   - [07]: (CUU2) lenToFind: 14, lenToReplace: 14, Target Bridge: 
0:316  0:000   - [08]: (CUU3) lenToFind: 14, lenToReplace: 14, Target Bridge: 
0:316  0:000   - [09]: (EC0 to EC) lenToFind: 4, lenToReplace: 4, Target Bridge: 
0:316  0:000    patch disabled at config
0:316  0:000   - [10]: (H_EC to EC) lenToFind: 4, lenToReplace: 4, Target Bridge: 
0:316  0:000    patch disabled at config
0:316  0:000   - [11]: (ECDV to EC) lenToFind: 4, lenToReplace: 4, Target Bridge: 
0:316  0:000    patch disabled at config
0:316  0:000   - [12]: (PNP0C09 to PNPFFFF) lenToFind: 4, lenToReplace: 4, Target Bridge: 
0:316  0:000  smartUPS: present
0:316  0:000  Using ProductName from clover: MacBookPro8,3
0:316  0:000  BiosVersion: not set, Using BiosVersion from clover
0:316  0:000  BiosVersion: MBP81.88Z.0050.B00.1906132217
0:316  0:000  BiosReleaseDate: 06/13/19
0:316  0:000  Using EfiVersion from clover: 87.0.0.0.0
0:316  0:000  Using FirmwareFeatures from clover: 0xC00DE137
0:316  0:000  Using FirmwareFeaturesMask from clover: 0xFF1FFF3F
0:316  0:000  PlatformFeature will not set in SMBIOS
0:318  0:002  === [ Found DSDT tables ] =======================
1:110  0:791  === [ ScanVolumes ] =============================
1:110  0:000  Found 11 volumes with blockIO
1:110  0:000  - [00]: Volume: PciRoot(0x0)\Pci(0x1D,0x0)\Pci(0x0,0x0)\NVMe(0x1,00-00-00-00-00-00-00-00)
1:110  0:000  - [01]: Volume: PciRoot(0x0)\Pci(0x1D,0x0)\Pci(0x0,0x0)\NVMe(0x1,00-00-00-00-00-00-00-00)\HD(1,GPT,D81A7666-ED1C-4436-8F49-FD82AB9E5224,0x800,0x82000)
1:110  0:000          Result of bootcode detection: bootable Windows (vista,win)
1:111  0:001          This is SelfVolume !!
1:111  0:000  - [02]: Volume: PciRoot(0x0)\Pci(0x1D,0x0)\Pci(0x0,0x0)\NVMe(0x1,00-00-00-00-00-00-00-00)\HD(2,GPT,63CC3EFD-149A-4938-88D3-F4150694B6C0,0x82800,0x8000)
1:111  0:000  - [03]: Volume: PciRoot(0x0)\Pci(0x1D,0x0)\Pci(0x0,0x0)\NVMe(0x1,00-00-00-00-00-00-00-00)\HD(3,GPT,69A18973-0779-4ED3-BFB9-9B50BA4FA335,0x8A800,0x1B61D800)
1:111  0:000          Result of bootcode detection: bootable Windows (vista,win)
1:111  0:000  - [04]: Volume: PciRoot(0x0)\Pci(0x1D,0x0)\Pci(0x0,0x0)\NVMe(0x1,00-00-00-00-00-00-00-00)\HD(4,GPT,E756906F-9115-459D-9568-D88F30051F7C,0x1B6A8000,0x16000000)
1:112  0:000          Result of bootcode detection: bootable Windows (vista,win)
1:112  0:000  - [05]: Volume: PciRoot(0x0)\Pci(0x1D,0x0)\Pci(0x0,0x0)\NVMe(0x1,00-00-00-00-00-00-00-00)\HD(5,GPT,FA33B59C-0577-48A3-B6AD-52B65A191846,0x316A8000,0xA339288)
1:112  0:000          Result of bootcode detection: bootable unknown (legacy)
1:112  0:000  - [06]: Volume: PciRoot(0x0)\Pci(0x1D,0x0)\Pci(0x0,0x0)\NVMe(0x1,00-00-00-00-00-00-00-00)\HD(5,GPT,FA33B59C-0577-48A3-B6AD-52B65A191846,0x316A8000,0xA339288)\VenMedia(BE74FCF7-0B7C-49F3-9147-01F4042E6842,347BFE02C30CDC46A34E85748BE998A6)
1:112  0:000          hiding this volume
1:112  0:000  - [07]: Volume: PciRoot(0x0)\Pci(0x1D,0x0)\Pci(0x0,0x0)\NVMe(0x1,00-00-00-00-00-00-00-00)\HD(5,GPT,FA33B59C-0577-48A3-B6AD-52B65A191846,0x316A8000,0xA339288)\VenMedia(BE74FCF7-0B7C-49F3-9147-01F4042E6842,0C0775C8FF3AE342ABDE27D30EE70C21)
1:112  0:000  - [08]: Volume: PciRoot(0x0)\Pci(0x1D,0x0)\Pci(0x0,0x0)\NVMe(0x1,00-00-00-00-00-00-00-00)\HD(5,GPT,FA33B59C-0577-48A3-B6AD-52B65A191846,0x316A8000,0xA339288)\VenMedia(BE74FCF7-0B7C-49F3-9147-01F4042E6842,3072E230A46B0E47A43D1EF5FB2F1D8D)
1:112  0:000  - [09]: Volume: PciRoot(0x0)\Pci(0x1D,0x0)\Pci(0x0,0x0)\NVMe(0x1,00-00-00-00-00-00-00-00)\HD(5,GPT,FA33B59C-0577-48A3-B6AD-52B65A191846,0x316A8000,0xA339288)\VenMedia(BE74FCF7-0B7C-49F3-9147-01F4042E6842,D1FC8655E2720243887027A6B0C3CBF3)
1:112  0:000  - [10]: Volume: PciRoot(0x0)\Pci(0x1D,0x0)\Pci(0x0,0x0)\NVMe(0x1,00-00-00-00-00-00-00-00)\HD(5,GPT,FA33B59C-0577-48A3-B6AD-52B65A191846,0x316A8000,0xA339288)\VenMedia(BE74FCF7-0B7C-49F3-9147-01F4042E6842,39181E31C465094DA614DD2F2F41647B)
1:112  0:000  No AudioIoProtocols, status=Not Found
1:112  0:000  === [ InitXTheme ] ==============================
1:112  0:000  use Daylight theme
1:118  0:005  Using theme 'CrispyOSX' (EFI\CLOVER\themes\CrispyOSX)
1:118  0:000  chosen theme CrispyOSX
1:118  0:000  OS main and drive as badge
1:118  0:000  Warning! Character width 9 should be even!
1:258  0:140  sound play end with status=Device Error
1:261  0:003  theme inited
1:261  0:000  Chosen theme CrispyOSX
1:262  0:000  found boot-args in NVRAM:-v brcmfx-aspm -lilubetaall alcid=7 brcmfx-driver=0, size=52
1:262  0:000  ...found arg:-v
1:262  0:000  ...found arg:brcmfx-aspm
1:262  0:000  ...adding arg:brcmfx-aspm
1:262  0:000  ...found arg:-lilubetaall
1:262  0:000  ...adding arg:-lilubetaall
1:262  0:000  ...found arg:alcid=7
1:262  0:000  ...adding arg:alcid=7
1:262  0:000  ...found arg:brcmfx-driver=0
1:262  0:000  after NVRAM boot-args=npci=0x2000 dart=0 -no_compat_check -v brcmfx-driver=0 agdpmod=pikera brcmfx-aspm -lilubetaall alcid=7 
1:262  0:000  === [ Dump SMC keys from NVRAM ] ================
1:262  0:000  no AppleSMC protocol
1:280  0:018  === [ ScanLoader ] ==============================
1:280  0:000  - [01]: 'SYSTEM'
1:281  0:000          AddLoaderEntry for Volume Name=SYSTEM
1:281  0:000  IconName=vista,win comma=5 size=9
1:281  0:000    first=os_vista
1:281  0:000      Loader entry created for 'PciRoot(0x0)\Pci(0x1D,0x0)\Pci(0x0,0x0)\NVMe(0x1,00-00-00-00-00-00-00-00)\HD(1,GPT,D81A7666-ED1C-4436-8F49-FD82AB9E5224,0x800,0x82000)\EFI\microsoft\Boot\bootmgfw.efi'
1:282  0:001          AddLoaderEntry for Volume Name=SYSTEM
1:282  0:000          skipped because entry is hidden
1:282  0:000  - [03]: 'OS'
1:282  0:000  - [04]: ''
1:282  0:000  - [06]: 'Preboot', hidden
1:282  0:000  - [07]: 'macOS - 数据'
1:283  0:000  - [08]: 'Recovery'
1:283  0:000          AddLoaderEntry for Volume Name=Recovery
1:285  0:002  IconName=cata,mac comma=4 size=8
1:285  0:000    first=os_cata
1:285  0:000      Loader entry created for 'PciRoot(0x0)\Pci(0x1D,0x0)\Pci(0x0,0x0)\NVMe(0x1,00-00-00-00-00-00-00-00)\HD(5,GPT,FA33B59C-0577-48A3-B6AD-52B65A191846,0x316A8000,0xA339288)\VenMedia(BE74FCF7-0B7C-49F3-9147-01F4042E6842,3072E230A46B0E47A43D1EF5FB2F1D8D)\311E1839-65C4-4D09-A614-DD2F2F41647B\boot.efi'
1:286  0:001  - [09]: 'VM'
1:286  0:000  - [10]: 'macOS'
1:294  0:007          AddLoaderEntry for Volume Name=macOS
1:296  0:001      hibernated: set as never
1:296  0:000  IconName=cata,mac comma=4 size=8
1:296  0:000    first=os_cata
1:296  0:000      Loader entry created for 'PciRoot(0x0)\Pci(0x1D,0x0)\Pci(0x0,0x0)\NVMe(0x1,00-00-00-00-00-00-00-00)\HD(5,GPT,FA33B59C-0577-48A3-B6AD-52B65A191846,0x316A8000,0xA339288)\VenMedia(BE74FCF7-0B7C-49F3-9147-01F4042E6842,39181E31C465094DA614DD2F2F41647B)\System\Library\CoreServices\boot.efi'
1:297  0:001  Scanning legacy ...
1:297  0:000  IconName=vista,win comma=5 size=9
1:297  0:000    first=os_vista
1:297  0:000  IconName=vista,win comma=5 size=9
1:297  0:000    first=os_vista
1:297  0:000  IconName=vista,win comma=5 size=9
1:297  0:000    first=os_vista
1:298  0:000  === [ AddCustomTool ] ===========================
1:299  0:001  === [ GetEfiBootDeviceFromNvram ] ===============
1:299  0:000   - efi-boot-device-data: PciRoot(0x0)\Pci(0x1D,0x0)\Pci(0x0,0x0)\NVMe(0x1,00-00-00-00-00-00-00-00)\HD(5,GPT,FA33B59C-0577-48A3-B6AD-52B65A191846,0x316A8000,0xA339288)\VenMedia(BE74FCF7-0B7C-49F3-9147-01F4042E6842,39181E31C465094DA614DD2F2F41647B)
1:299  0:000    - Volume: 'PciRoot(0x0)\Pci(0x1D,0x0)\Pci(0x0,0x0)\NVMe(0x1,00-00-00-00-00-00-00-00)\HD(5,GPT,FA33B59C-0577-48A3-B6AD-52B65A191846,0x316A8000,0xA339288)\VenMedia(BE74FCF7-0B7C-49F3-9147-01F4042E6842,39181E31C465094DA614DD2F2F41647B)'
1:299  0:000    - LoaderPath: ''
1:299  0:000    - Guid = FA33B59C-0577-48A3-B6AD-52B65A191846
1:299  0:000  === [ FindStartupDiskVolume ] ===================
1:299  0:000    - Volume: partition = PciRoot(0x0)\Pci(0x1D,0x0)\Pci(0x0,0x0)\NVMe(0x1,00-00-00-00-00-00-00-00)\HD(5,GPT,FA33B59C-0577-48A3-B6AD-52B65A191846,0x316A8000,0xA339288)\VenMedia(BE74FCF7-0B7C-49F3-9147-01F4042E6842,39181E31C465094DA614DD2F2F41647B)
1:299  0:000     - searching for that partition
1:299  0:000      - found entry 2. 'Boot macOS from macOS', Volume 'macOS'
1:299  0:000  Boot redirected to Entry 2. 'Boot macOS from macOS'
1:299  0:000  BannerPlace at Clear Screen [787,92]
1:406  0:106  AnimeRun=0
2:995  1:588  GUI ready
